cl : ligne de commande  warning D9035: l'option 'Gm' est déconseillée et sera supprimée dans une version ultérieure
  main.cpp
  MyGlWindow.cpp
C:\Users\titou\Documents\GitHub\Computer-Graphics-Project\NewFrameWork2Init\FrameWork\MyGlWindow.cpp(341,26): warning C4305: 'argument' : troncation de 'double' à 'GLfloat'
C:\Users\titou\Documents\GitHub\Computer-Graphics-Project\NewFrameWork2Init\FrameWork\MyGlWindow.cpp(343,22): warning C4305: 'argument' : troncation de 'double' à 'GLfloat'
C:\Users\titou\Documents\GitHub\Computer-Graphics-Project\NewFrameWork2Init\FrameWork\MyGlWindow.cpp(354,33): warning C4244: 'argument' : conversion de 'const cyclone::real' en 'GLfloat', perte possible de données
C:\Users\titou\Documents\GitHub\Computer-Graphics-Project\NewFrameWork2Init\FrameWork\MyGlWindow.cpp(354,26): warning C4244: 'argument' : conversion de 'const cyclone::real' en 'GLfloat', perte possible de données
C:\Users\titou\Documents\GitHub\Computer-Graphics-Project\NewFrameWork2Init\FrameWork\MyGlWindow.cpp(354,19): warning C4244: 'argument' : conversion de 'const cyclone::real' en 'GLfloat', perte possible de données
C:\Users\titou\Documents\GitHub\Computer-Graphics-Project\NewFrameWork2Init\FrameWork\MyGlWindow.cpp(365,26): warning C4305: 'argument' : troncation de 'double' à 'GLfloat'
C:\Users\titou\Documents\GitHub\Computer-Graphics-Project\NewFrameWork2Init\FrameWork\MyGlWindow.cpp(373,28): warning C4244: 'argument' : conversion de 'const cyclone::real' en 'GLfloat', perte possible de données
C:\Users\titou\Documents\GitHub\Computer-Graphics-Project\NewFrameWork2Init\FrameWork\MyGlWindow.cpp(373,22): warning C4244: 'argument' : conversion de 'const cyclone::real' en 'GLfloat', perte possible de données
C:\Users\titou\Documents\GitHub\Computer-Graphics-Project\NewFrameWork2Init\FrameWork\MyGlWindow.cpp(373,16): warning C4244: 'argument' : conversion de 'const cyclone::real' en 'GLfloat', perte possible de données
C:\Users\titou\Documents\GitHub\Computer-Graphics-Project\NewFrameWork2Init\FrameWork\MyGlWindow.cpp(374,28): warning C4244: 'argument' : conversion de 'const cyclone::real' en 'GLfloat', perte possible de données
C:\Users\titou\Documents\GitHub\Computer-Graphics-Project\NewFrameWork2Init\FrameWork\MyGlWindow.cpp(374,22): warning C4244: 'argument' : conversion de 'const cyclone::real' en 'GLfloat', perte possible de données
C:\Users\titou\Documents\GitHub\Computer-Graphics-Project\NewFrameWork2Init\FrameWork\MyGlWindow.cpp(374,16): warning C4244: 'argument' : conversion de 'const cyclone::real' en 'GLfloat', perte possible de données
C:\Users\titou\Documents\GitHub\Computer-Graphics-Project\NewFrameWork2Init\FrameWork\MyGlWindow.cpp(378,26): warning C4305: 'argument' : troncation de 'double' à 'GLfloat'
C:\Users\titou\Documents\GitHub\Computer-Graphics-Project\NewFrameWork2Init\FrameWork\MyGlWindow.cpp(386,28): warning C4244: 'argument' : conversion de 'const cyclone::real' en 'GLfloat', perte possible de données
C:\Users\titou\Documents\GitHub\Computer-Graphics-Project\NewFrameWork2Init\FrameWork\MyGlWindow.cpp(386,22): warning C4244: 'argument' : conversion de 'const cyclone::real' en 'GLfloat', perte possible de données
C:\Users\titou\Documents\GitHub\Computer-Graphics-Project\NewFrameWork2Init\FrameWork\MyGlWindow.cpp(386,16): warning C4244: 'argument' : conversion de 'const cyclone::real' en 'GLfloat', perte possible de données
C:\Users\titou\Documents\GitHub\Computer-Graphics-Project\NewFrameWork2Init\FrameWork\MyGlWindow.cpp(387,28): warning C4244: 'argument' : conversion de 'const cyclone::real' en 'GLfloat', perte possible de données
C:\Users\titou\Documents\GitHub\Computer-Graphics-Project\NewFrameWork2Init\FrameWork\MyGlWindow.cpp(387,22): warning C4244: 'argument' : conversion de 'const cyclone::real' en 'GLfloat', perte possible de données
C:\Users\titou\Documents\GitHub\Computer-Graphics-Project\NewFrameWork2Init\FrameWork\MyGlWindow.cpp(387,16): warning C4244: 'argument' : conversion de 'const cyclone::real' en 'GLfloat', perte possible de données
C:\Users\titou\Documents\GitHub\Computer-Graphics-Project\NewFrameWork2Init\FrameWork\MyGlWindow.cpp(391,26): warning C4305: 'argument' : troncation de 'double' à 'GLfloat'
C:\Users\titou\Documents\GitHub\Computer-Graphics-Project\NewFrameWork2Init\FrameWork\MyGlWindow.cpp(398,28): warning C4244: 'argument' : conversion de 'const cyclone::real' en 'GLfloat', perte possible de données
C:\Users\titou\Documents\GitHub\Computer-Graphics-Project\NewFrameWork2Init\FrameWork\MyGlWindow.cpp(398,22): warning C4244: 'argument' : conversion de 'const cyclone::real' en 'GLfloat', perte possible de données
C:\Users\titou\Documents\GitHub\Computer-Graphics-Project\NewFrameWork2Init\FrameWork\MyGlWindow.cpp(398,16): warning C4244: 'argument' : conversion de 'const cyclone::real' en 'GLfloat', perte possible de données
C:\Users\titou\Documents\GitHub\Computer-Graphics-Project\NewFrameWork2Init\FrameWork\MyGlWindow.cpp(399,28): warning C4244: 'argument' : conversion de 'const cyclone::real' en 'GLfloat', perte possible de données
C:\Users\titou\Documents\GitHub\Computer-Graphics-Project\NewFrameWork2Init\FrameWork\MyGlWindow.cpp(399,22): warning C4244: 'argument' : conversion de 'const cyclone::real' en 'GLfloat', perte possible de données
C:\Users\titou\Documents\GitHub\Computer-Graphics-Project\NewFrameWork2Init\FrameWork\MyGlWindow.cpp(399,16): warning C4244: 'argument' : conversion de 'const cyclone::real' en 'GLfloat', perte possible de données
C:\Users\titou\Documents\GitHub\Computer-Graphics-Project\NewFrameWork2Init\FrameWork\MyGlWindow.cpp(483,20): warning C4018: '<' : incompatibilité signed/unsigned
C:\Users\titou\Documents\GitHub\Computer-Graphics-Project\NewFrameWork2Init\FrameWork\MyGlWindow.cpp(640,15): warning C4018: '>=' : incompatibilité signed/unsigned
  Génération de code en cours...
  FrameWork.vcxproj -> C:\Users\titou\Documents\GitHub\Computer-Graphics-Project\NewFrameWork2Init\FrameWork\Debug\FrameWork.exe
