cl : ligne de commande  warning D9035: l'option 'Gm' est déconseillée et sera supprimée dans une version ultérieure
  Viewer.cpp
C:\Users\titou\Documents\GitHub\Computer-Graphics-Project\Fireworks\FrameWork\Viewer.cpp(211,64): warning C4244: '=' : conversion de 'double' en 'float', perte possible de données
  timing.cpp
  stdafx.cpp
  MyGlWindow.cpp
  MMatrix.cpp
  main.cpp
  FireworksRule.cpp
  Fireworks.cpp
C:\Users\titou\Documents\GitHub\Computer-Graphics-Project\Fireworks\FrameWork\Fireworks.cpp(91,20): warning C4018: '<' : incompatibilité signed/unsigned
C:\Users\titou\Documents\GitHub\Computer-Graphics-Project\Fireworks\FrameWork\Fireworks.cpp(95,40): warning C4244: '=' : conversion de 'cyclone::real' en 'float', perte possible de données
  Fire.cpp
C:\Users\titou\Documents\GitHub\Computer-Graphics-Project\Fireworks\FrameWork\Fire.cpp(7,28): warning C4244: '=' : conversion de 'cyclone::real' en 'float', perte possible de données
C:\Users\titou\Documents\GitHub\Computer-Graphics-Project\Fireworks\FrameWork\Fire.cpp(43,42): warning C4244: 'argument' : conversion de 'cyclone::real' en 'GLfloat', perte possible de données
C:\Users\titou\Documents\GitHub\Computer-Graphics-Project\Fireworks\FrameWork\Fire.cpp(43,31): warning C4244: 'argument' : conversion de 'cyclone::real' en 'GLfloat', perte possible de données
C:\Users\titou\Documents\GitHub\Computer-Graphics-Project\Fireworks\FrameWork\Fire.cpp(43,20): warning C4244: 'argument' : conversion de 'cyclone::real' en 'GLfloat', perte possible de données
C:\Users\titou\Documents\GitHub\Computer-Graphics-Project\Fireworks\FrameWork\Fire.cpp(47,47): warning C4244: 'argument' : conversion de 'cyclone::real' en 'GLfloat', perte possible de données
C:\Users\titou\Documents\GitHub\Computer-Graphics-Project\Fireworks\FrameWork\Fire.cpp(47,35): warning C4244: 'argument' : conversion de 'cyclone::real' en 'GLfloat', perte possible de données
C:\Users\titou\Documents\GitHub\Computer-Graphics-Project\Fireworks\FrameWork\Fire.cpp(47,23): warning C4244: 'argument' : conversion de 'cyclone::real' en 'GLfloat', perte possible de données
C:\Users\titou\Documents\GitHub\Computer-Graphics-Project\Fireworks\FrameWork\Fire.cpp(63,31): warning C4244: 'argument' : conversion de 'cyclone::real' en 'GLfloat', perte possible de données
C:\Users\titou\Documents\GitHub\Computer-Graphics-Project\Fireworks\FrameWork\Fire.cpp(63,24): warning C4244: 'argument' : conversion de 'cyclone::real' en 'GLfloat', perte possible de données
C:\Users\titou\Documents\GitHub\Computer-Graphics-Project\Fireworks\FrameWork\Fire.cpp(63,17): warning C4244: 'argument' : conversion de 'cyclone::real' en 'GLfloat', perte possible de données
  DrawUtils.cpp
  3DUtils.cpp
  world.cpp
  random.cpp
  pworld.cpp
  plinks.cpp
  pfgen.cpp
  pcontacts.cpp
  particle.cpp
  joints.cpp
  fgen.cpp
  Génération de code en cours...
  Compilation en cours...
  core.cpp
  contacts.cpp
  collide_fine.cpp
  collide_coarse.cpp
  body.cpp
  Génération de code en cours...
body.obj : warning LNK4075: ' /EDITANDCONTINUE' ignoré à cause de la spécification '/SAFESEH'
  FrameWork.vcxproj -> C:\Users\titou\Documents\GitHub\Computer-Graphics-Project\Fireworks\FrameWork\Debug\FrameWork.exe
